[2024-09-30 16:18:43,927] WARNING django.request Not Found: /items/
[2024-09-30 16:18:44,680] WARNING django.request Not Found: /items/2/delete/
[2024-09-30 16:18:45,358] WARNING django.request Not Found: /items/3/
[2024-09-30 16:18:46,049] WARNING django.request Not Found: /items/4/update/
[2024-09-30 16:20:04,720] WARNING django.request Not Found: /items/
[2024-09-30 16:20:05,617] WARNING django.request Not Found: /items/2/delete/
[2024-09-30 16:20:06,544] WARNING django.request Not Found: /items/3/
[2024-09-30 16:20:07,445] WARNING django.request Not Found: /items/4/update/
[2024-09-30 16:20:29,971] WARNING django.request Not Found: /items/
[2024-09-30 16:20:30,891] WARNING django.request Not Found: /items/2/delete/
[2024-09-30 16:20:31,885] WARNING django.request Not Found: /items/3/
[2024-09-30 16:20:32,860] WARNING django.request Not Found: /items/4/update/
[2024-09-30 16:22:59,709] INFO django.utils.autoreload Watching for file changes with StatReloader
[2024-09-30 16:28:43,871] INFO django.utils.autoreload Watching for file changes with StatReloader
[2024-09-30 16:29:14,911] WARNING django.request Not Found: /items/
[2024-09-30 16:29:15,580] WARNING django.request Not Found: /items/2/delete/
[2024-09-30 16:29:16,240] WARNING django.request Not Found: /items/3/
[2024-09-30 16:29:16,897] WARNING django.request Not Found: /items/4/update/
[2024-09-30 16:29:29,580] WARNING django.request Not Found: /items/
[2024-09-30 16:29:30,243] WARNING django.request Not Found: /items/2/delete/
[2024-09-30 16:29:30,907] WARNING django.request Not Found: /items/3/
[2024-09-30 16:29:31,610] WARNING django.request Not Found: /items/4/update/
[2024-09-30 16:33:17,747] INFO django.utils.autoreload Watching for file changes with StatReloader
[2024-09-30 16:33:22,336] INFO django.server "POST /login/ HTTP/1.1" 200 483
[2024-09-30 16:33:37,334] WARNING django.request Unauthorized: /items/
[2024-09-30 16:33:37,335] WARNING django.server "POST /items/ HTTP/1.1" 401 58
[2024-09-30 16:34:08,661] WARNING django.request Unauthorized: /items/
[2024-09-30 16:34:08,662] WARNING django.server "POST /items/ HTTP/1.1" 401 58
[2024-09-30 16:35:14,266] WARNING django.request Unauthorized: /items/
[2024-09-30 16:35:14,267] WARNING django.server "POST /items/ HTTP/1.1" 401 58
[2024-09-30 16:35:29,439] WARNING django.request Unauthorized: /items/
[2024-09-30 16:35:29,439] WARNING django.server "POST /items/ HTTP/1.1" 401 58
[2024-09-30 16:35:42,208] WARNING django.request Unauthorized: /items/
[2024-09-30 16:35:42,210] WARNING django.server "POST /items/ HTTP/1.1" 401 58
[2024-09-30 16:37:23,144] WARNING django.request Unauthorized: /items/
[2024-09-30 16:37:23,145] WARNING django.server "POST /items/ HTTP/1.1" 401 58
[2024-09-30 16:37:41,155] INFO django.utils.autoreload C:\Users\Adil\Desktop\Inventory Management System\inventory_project\inventory\views.py changed, reloading.
[2024-09-30 16:37:41,846] INFO django.utils.autoreload Watching for file changes with StatReloader
[2024-09-30 16:37:52,134] INFO django.utils.autoreload C:\Users\Adil\Desktop\Inventory Management System\inventory_project\inventory\views.py changed, reloading.
[2024-09-30 16:37:52,859] INFO django.utils.autoreload Watching for file changes with StatReloader
[2024-09-30 16:37:56,297] INFO django.server "POST /items/ HTTP/1.1" 201 186
[2024-09-30 16:38:17,535] WARNING django.request Unauthorized: /items/7/delete/
[2024-09-30 16:38:17,536] WARNING django.server "GET /items/7/delete/ HTTP/1.1" 401 58
[2024-09-30 16:38:26,960] INFO django.utils.autoreload C:\Users\Adil\Desktop\Inventory Management System\inventory_project\inventory\views.py changed, reloading.
[2024-09-30 16:38:27,856] INFO django.utils.autoreload Watching for file changes with StatReloader
[2024-09-30 16:38:31,357] WARNING django.request Unauthorized: /items/7/delete/
[2024-09-30 16:38:31,358] WARNING django.server "DELETE /items/7/delete/ HTTP/1.1" 401 183
[2024-09-30 16:38:53,699] INFO django.server "DELETE /items/7/delete/ HTTP/1.1" 204 40
[2024-09-30 16:39:05,306] WARNING django.request Unauthorized: /items/7/
[2024-09-30 16:39:05,307] WARNING django.server "DELETE /items/7/ HTTP/1.1" 401 58
[2024-09-30 16:39:12,123] WARNING django.request Unauthorized: /items/7/
[2024-09-30 16:39:12,124] WARNING django.server "GET /items/7/ HTTP/1.1" 401 58
[2024-09-30 16:39:24,323] WARNING django.request Unauthorized: /items/8/
[2024-09-30 16:39:24,324] WARNING django.server "GET /items/8/ HTTP/1.1" 401 58
[2024-09-30 16:39:51,892] INFO django.utils.autoreload C:\Users\Adil\Desktop\Inventory Management System\inventory_project\inventory\views.py changed, reloading.
[2024-09-30 16:39:52,751] INFO django.utils.autoreload Watching for file changes with StatReloader
[2024-09-30 16:39:55,497] WARNING django.request Not Found: /items/8/
[2024-09-30 16:39:55,497] WARNING django.server "GET /items/8/ HTTP/1.1" 404 27
[2024-09-30 16:40:01,237] WARNING django.request Not Found: /items/9/
[2024-09-30 16:40:01,238] WARNING django.server "GET /items/9/ HTTP/1.1" 404 27
[2024-09-30 16:40:28,453] INFO django.server "GET /items/5/ HTTP/1.1" 200 182
[2024-09-30 16:40:51,131] ERROR django.request Internal Server Error: /items/5/update
Traceback (most recent call last):
  File "C:\Users\Adil\AppData\Local\miniconda3\envs\inventory_env\Lib\site-packages\django\core\handlers\exception.py", line 55, in inner
    response = get_response(request)
               ^^^^^^^^^^^^^^^^^^^^^
  File "C:\Users\Adil\AppData\Local\miniconda3\envs\inventory_env\Lib\site-packages\django\utils\deprecation.py", line 131, in __call__
    response = self.process_response(request, response)
               ^^^^^^^^^^^^^^^^^^^^^^^^^^^^^^^^^^^^^^^^
  File "C:\Users\Adil\AppData\Local\miniconda3\envs\inventory_env\Lib\site-packages\django\middleware\common.py", line 108, in process_response
    return self.response_redirect_class(self.get_full_path_with_slash(request))
                                        ^^^^^^^^^^^^^^^^^^^^^^^^^^^^^^^^^^^^^^
  File "C:\Users\Adil\AppData\Local\miniconda3\envs\inventory_env\Lib\site-packages\django\middleware\common.py", line 87, in get_full_path_with_slash
    raise RuntimeError(
RuntimeError: You called this URL via PUT, but the URL doesn't end in a slash and you have APPEND_SLASH set. Django can't redirect to the slash URL while maintaining PUT data. Change your form to point to 127.0.0.1:8000/items/5/update/ (note the trailing slash), or set APPEND_SLASH=False in your Django settings.
[2024-09-30 16:40:51,135] ERROR django.server "PUT /items/5/update HTTP/1.1" 500 73455
[2024-09-30 16:41:06,559] INFO django.server "PUT /items/5/update/ HTTP/1.1" 200 185
[2024-09-30 16:41:12,303] WARNING django.request Method Not Allowed: /items/5/
[2024-09-30 16:41:12,304] WARNING django.server "PUT /items/5/ HTTP/1.1" 405 40
[2024-09-30 16:41:17,971] INFO django.server "GET /items/5/ HTTP/1.1" 200 185
[2024-09-30 16:41:35,306] WARNING django.request Unauthorized: /items/
[2024-09-30 16:41:35,972] WARNING django.request Unauthorized: /items/2/delete/
[2024-09-30 16:41:36,653] WARNING django.request Unauthorized: /items/3/
[2024-09-30 16:41:37,371] WARNING django.request Unauthorized: /items/4/update/
[2024-09-30 16:55:29,509] WARNING django.request Unauthorized: /items/
[2024-09-30 16:55:57,817] INFO django.utils.autoreload Watching for file changes with StatReloader
[2024-09-30 16:56:00,197] WARNING django.request Unauthorized: /items/
[2024-09-30 16:56:00,197] WARNING django.server "POST /items/ HTTP/1.1" 401 58
[2024-09-30 17:05:52,608] INFO django.utils.autoreload Watching for file changes with StatReloader
[2024-09-30 17:06:01,082] WARNING django.request Unauthorized: /items/
[2024-09-30 17:06:02,598] WARNING django.request Unauthorized: /items/2/delete/
[2024-09-30 17:06:03,940] WARNING django.request Unauthorized: /items/3/
[2024-09-30 17:06:05,324] WARNING django.request Unauthorized: /items/4/update/
[2024-09-30 17:08:27,365] WARNING django.request Unauthorized: /items/3/delete/
[2024-09-30 17:08:28,672] WARNING django.request Unauthorized: /items/4/
[2024-09-30 17:08:30,022] WARNING django.request Unauthorized: /items/5/update/
[2024-09-30 17:09:22,246] INFO django.utils.autoreload Watching for file changes with StatReloader
[2024-09-30 17:09:27,794] WARNING django.request Unauthorized: /items/
[2024-09-30 17:09:27,795] WARNING django.server "POST /items/ HTTP/1.1" 401 58
[2024-09-30 17:09:37,989] INFO django.utils.autoreload C:\Users\Adil\Desktop\Inventory Management System\inventory_project\inventory\views.py changed, reloading.
[2024-09-30 17:09:38,777] INFO django.utils.autoreload Watching for file changes with StatReloader
[2024-09-30 17:09:41,219] INFO django.server "POST /items/ HTTP/1.1" 201 186
[2024-09-30 17:10:49,540] INFO django.utils.autoreload C:\Users\Adil\Desktop\Inventory Management System\inventory_project\inventory\views.py changed, reloading.
[2024-09-30 17:10:50,268] INFO django.utils.autoreload Watching for file changes with StatReloader
[2024-09-30 17:15:56,262] INFO django.utils.autoreload C:\Users\Adil\Desktop\Inventory Management System\inventory_project\inventory\views.py changed, reloading.
[2024-09-30 17:15:57,206] INFO django.utils.autoreload Watching for file changes with StatReloader
[2024-09-30 17:16:27,715] WARNING django.request Unauthorized: /items/
[2024-09-30 17:16:29,016] WARNING django.request Unauthorized: /items/2/delete/
[2024-09-30 17:16:30,312] WARNING django.request Unauthorized: /items/3/
[2024-09-30 17:16:31,603] WARNING django.request Unauthorized: /items/4/update/
[2024-09-30 17:16:51,204] INFO django.utils.autoreload Watching for file changes with StatReloader
[2024-09-30 17:16:57,552] INFO django.server "GET /items/5/ HTTP/1.1" 200 185
[2024-09-30 17:18:17,862] INFO django.utils.autoreload C:\Users\Adil\Desktop\Inventory Management System\inventory_project\inventory_project\settings.py changed, reloading.
[2024-09-30 17:18:18,721] INFO django.utils.autoreload Watching for file changes with StatReloader
[2024-09-30 17:22:09,153] WARNING django.request Unauthorized: /items/
[2024-09-30 17:22:10,452] WARNING django.request Unauthorized: /items/
[2024-09-30 17:22:10,453] WARNING django.request Unauthorized: /items/1/delete/
[2024-09-30 17:22:11,749] WARNING django.request Unauthorized: /items/
[2024-09-30 17:22:11,750] WARNING django.request Unauthorized: /items/1/
[2024-09-30 17:22:13,101] WARNING django.request Unauthorized: /items/
[2024-09-30 17:22:13,103] WARNING django.request Unauthorized: /items/1/update/
[2024-09-30 17:24:11,095] WARNING django.request Unauthorized: /items/
[2024-09-30 17:26:30,773] INFO django.utils.autoreload Watching for file changes with StatReloader
[2024-09-30 17:26:38,603] WARNING django.request Unauthorized: /items/
[2024-09-30 17:29:57,293] WARNING django.request Unauthorized: /items/1/
[2024-09-30 17:29:57,957] WARNING django.request Unauthorized: /items/
[2024-09-30 17:29:58,624] WARNING django.request Unauthorized: /items/
[2024-09-30 17:29:58,626] WARNING django.request Unauthorized: /items/1/delete/
[2024-09-30 17:29:59,287] WARNING django.request Unauthorized: /items/
[2024-09-30 17:29:59,289] WARNING django.request Unauthorized: /items/1/
[2024-09-30 17:29:59,947] WARNING django.request Unauthorized: /items/
[2024-09-30 17:29:59,949] WARNING django.request Unauthorized: /items/1/update/
[2024-09-30 17:30:27,271] WARNING django.request Unauthorized: /items/1/
[2024-09-30 17:30:28,744] WARNING django.request Unauthorized: /items/1/delete/
[2024-09-30 17:30:29,407] WARNING django.request Unauthorized: /items/1/
[2024-09-30 17:30:30,074] WARNING django.request Unauthorized: /items/1/update/
[2024-09-30 17:30:43,779] INFO django.utils.autoreload Watching for file changes with StatReloader
[2024-09-30 17:30:49,323] INFO django.server "GET /items/5/ HTTP/1.1" 200 185
[2024-09-30 17:30:57,243] WARNING django.request Unauthorized: /items/
[2024-09-30 17:30:57,243] WARNING django.server "POST /items/ HTTP/1.1" 401 58
[2024-09-30 17:31:03,781] INFO django.utils.autoreload C:\Users\Adil\Desktop\Inventory Management System\inventory_project\inventory\views.py changed, reloading.
[2024-09-30 17:31:04,452] INFO django.utils.autoreload Watching for file changes with StatReloader
[2024-09-30 17:34:17,542] INFO django.utils.autoreload C:\Users\Adil\Desktop\Inventory Management System\inventory_project\inventory\views.py changed, reloading.
[2024-09-30 17:34:18,225] INFO django.utils.autoreload Watching for file changes with StatReloader
[2024-09-30 17:34:28,254] WARNING django.request Unauthorized: /items/1/
[2024-09-30 17:34:28,913] WARNING django.request Unauthorized: /items/
[2024-09-30 17:34:29,574] WARNING django.request Unauthorized: /items/3/delete/
[2024-09-30 17:34:30,235] WARNING django.request Unauthorized: /items/4/
[2024-09-30 17:34:30,890] WARNING django.request Unauthorized: /items/5/update/
[2024-09-30 17:35:34,264] WARNING django.request Unauthorized: /items/1/
[2024-09-30 17:35:35,174] WARNING django.request Unauthorized: /items/
[2024-09-30 17:35:36,127] WARNING django.request Unauthorized: /items/3/delete/
[2024-09-30 17:35:36,779] WARNING django.request Unauthorized: /items/4/
[2024-09-30 17:35:37,432] WARNING django.request Unauthorized: /items/5/update/
[2024-09-30 17:38:32,546] INFO django.utils.autoreload Watching for file changes with StatReloader
[2024-09-30 17:38:42,737] WARNING django.request Unauthorized: /items/
[2024-09-30 17:38:42,738] WARNING django.server "POST /items/ HTTP/1.1" 401 58
[2024-09-30 17:39:02,618] INFO django.server "POST /login/ HTTP/1.1" 200 483
[2024-09-30 17:39:31,760] WARNING django.request Unauthorized: /items/
[2024-09-30 17:39:31,761] WARNING django.server "POST /items/ HTTP/1.1" 401 58
[2024-09-30 17:39:44,703] INFO django.utils.autoreload C:\Users\Adil\Desktop\Inventory Management System\inventory_project\inventory\views.py changed, reloading.
[2024-09-30 17:39:45,377] INFO django.utils.autoreload Watching for file changes with StatReloader
[2024-09-30 17:39:48,258] WARNING django.request Unauthorized: /items/
[2024-09-30 17:39:48,259] WARNING django.server "POST /items/ HTTP/1.1" 401 58
[2024-09-30 17:40:02,025] WARNING django.request Unauthorized: /items/5/
[2024-09-30 17:40:02,026] WARNING django.server "GET /items/5/ HTTP/1.1" 401 58
[2024-09-30 17:41:28,491] INFO django.utils.autoreload C:\Users\Adil\Desktop\Inventory Management System\inventory_project\inventory_project\settings.py changed, reloading.
[2024-09-30 17:41:29,239] INFO django.utils.autoreload Watching for file changes with StatReloader
[2024-09-30 17:41:37,979] WARNING django.request Unauthorized: /items/
[2024-09-30 17:41:37,980] WARNING django.server "POST /items/ HTTP/1.1" 401 58
[2024-09-30 17:41:45,039] INFO django.utils.autoreload C:\Users\Adil\Desktop\Inventory Management System\inventory_project\inventory_project\settings.py changed, reloading.
[2024-09-30 17:41:45,839] INFO django.utils.autoreload Watching for file changes with StatReloader
[2024-09-30 17:41:49,724] WARNING django.request Unauthorized: /items/
[2024-09-30 17:41:49,725] WARNING django.server "POST /items/ HTTP/1.1" 401 58
[2024-09-30 17:42:02,758] INFO django.utils.autoreload C:\Users\Adil\Desktop\Inventory Management System\inventory_project\inventory_project\settings.py changed, reloading.
[2024-09-30 17:42:03,631] INFO django.utils.autoreload Watching for file changes with StatReloader
[2024-09-30 17:42:07,689] WARNING django.request Unauthorized: /items/
[2024-09-30 17:42:07,690] WARNING django.server "POST /items/ HTTP/1.1" 401 58
[2024-09-30 17:43:12,744] WARNING django.request Unauthorized: /items/
[2024-09-30 17:43:12,745] WARNING django.server "POST /items/ HTTP/1.1" 401 58
[2024-09-30 17:43:29,538] INFO django.utils.autoreload C:\Users\Adil\Desktop\Inventory Management System\inventory_project\inventory_project\settings.py changed, reloading.
[2024-09-30 17:43:30,314] INFO django.utils.autoreload Watching for file changes with StatReloader
[2024-09-30 17:43:34,101] INFO django.utils.autoreload C:\Users\Adil\Desktop\Inventory Management System\inventory_project\inventory\views.py changed, reloading.
[2024-09-30 17:43:34,757] INFO django.utils.autoreload Watching for file changes with StatReloader
[2024-09-30 17:43:42,789] INFO django.utils.autoreload C:\Users\Adil\Desktop\Inventory Management System\inventory_project\inventory_project\settings.py changed, reloading.
[2024-09-30 17:43:43,577] INFO django.utils.autoreload Watching for file changes with StatReloader
[2024-09-30 17:43:46,289] WARNING django.request Unauthorized: /items/
[2024-09-30 17:43:46,290] WARNING django.server "POST /items/ HTTP/1.1" 401 58
[2024-09-30 17:44:02,728] INFO django.utils.autoreload C:\Users\Adil\Desktop\Inventory Management System\inventory_project\inventory_project\settings.py changed, reloading.
[2024-09-30 17:44:03,513] INFO django.utils.autoreload Watching for file changes with StatReloader
[2024-09-30 17:44:06,334] INFO django.server "POST /items/ HTTP/1.1" 201 186
[2024-09-30 17:44:18,289] WARNING django.request Unauthorized: /items/1/
[2024-09-30 17:44:18,954] WARNING django.request Unauthorized: /items/
[2024-09-30 17:44:19,616] WARNING django.request Unauthorized: /items/3/delete/
[2024-09-30 17:44:20,277] WARNING django.request Unauthorized: /items/4/
[2024-09-30 17:44:20,938] WARNING django.request Unauthorized: /items/5/update/
[2024-09-30 17:45:17,528] INFO django.utils.autoreload Watching for file changes with StatReloader
[2024-09-30 17:45:25,540] INFO django.server "POST /items/ HTTP/1.1" 201 187
[2024-09-30 17:45:32,582] WARNING django.request Unauthorized: /items/5/
[2024-09-30 17:45:32,583] WARNING django.server "GET /items/5/ HTTP/1.1" 401 183
[2024-09-30 17:45:55,683] INFO django.server "GET /items/5/ HTTP/1.1" 200 175
[2024-09-30 17:46:08,880] INFO django.server "DELETE /items/5/delete/ HTTP/1.1" 204 40
